\BOOKMARK [0][-]{chapter*.1}{\376\377\000E\000x\000e\000c\000u\000t\000i\000v\000e\000\040\000S\000u\000m\000m\000a\000r\000y}{}% 1
\BOOKMARK [0][-]{chapter.1}{\376\377\000S\000y\000s\000t\000e\000m\000\040\000A\000r\000c\000h\000i\000t\000e\000c\000t\000u\000r\000e\000\040\000O\000v\000e\000r\000v\000i\000e\000w}{}% 2
\BOOKMARK [1][-]{section.1.1}{\376\377\000N\000o\000m\000e\000n\000c\000l\000a\000t\000u\000r\000e}{chapter.1}% 3
\BOOKMARK [1][-]{section.1.2}{\376\377\000D\000e\000t\000a\000i\000l\000e\000d\000\040\000E\000x\000e\000c\000u\000t\000i\000o\000n\000\040\000P\000i\000p\000e\000l\000i\000n\000e}{chapter.1}% 4
\BOOKMARK [1][-]{section.1.3}{\376\377\000D\000e\000p\000e\000n\000d\000e\000n\000c\000y\000\040\000I\000n\000j\000e\000c\000t\000i\000o\000n\000\040\000\046\000\040\000S\000e\000r\000v\000i\000c\000e\000\040\000C\000o\000m\000p\000o\000s\000i\000t\000i\000o\000n}{chapter.1}% 5
\BOOKMARK [0][-]{chapter.2}{\376\377\000C\000o\000r\000e\000\040\000A\000l\000g\000o\000r\000i\000t\000h\000m\000i\000c\000\040\000I\000n\000n\000o\000v\000a\000t\000i\000o\000n\000s}{}% 6
\BOOKMARK [1][-]{section.2.1}{\376\377\000T\000h\000e\000\040\000L\000Y\000L\000A\000A\000\040\000S\000p\000a\000t\000i\000a\000l\000\040\000C\000l\000a\000s\000s\000i\000f\000i\000e\000r}{chapter.2}% 7
\BOOKMARK [2][-]{subsection.2.1.1}{\376\377\000M\000a\000t\000h\000e\000m\000a\000t\000i\000c\000a\000l\000\040\000F\000o\000r\000m\000a\000l\000i\000z\000a\000t\000i\000o\000n}{section.2.1}% 8
\BOOKMARK [1][-]{section.2.2}{\376\377\000P\000R\000O\000S\000A\000C\000\040\000A\000x\000i\000s\000\040\000C\000a\000l\000i\000b\000r\000a\000t\000i\000o\000n}{chapter.2}% 9
\BOOKMARK [2][-]{subsection.2.2.1}{\376\377\000P\000r\000o\000g\000r\000e\000s\000s\000i\000v\000e\000\040\000S\000a\000m\000p\000l\000i\000n\000g\000\040\000S\000t\000r\000a\000t\000e\000g\000y}{section.2.2}% 10
\BOOKMARK [0][-]{chapter.3}{\376\377\000C\000a\000r\000t\000e\000s\000i\000a\000n\000\040\000P\000i\000p\000e\000l\000i\000n\000e\000\040\000I\000m\000p\000l\000e\000m\000e\000n\000t\000a\000t\000i\000o\000n}{}% 11
\BOOKMARK [1][-]{section.3.1}{\376\377\000B\000o\000x\000\040\000P\000l\000o\000t\000:\000\040\000C\000o\000m\000p\000l\000e\000x\000\040\000T\000o\000p\000o\000l\000o\000g\000y}{chapter.3}% 12
\BOOKMARK [2][-]{subsection.3.1.1}{\376\377\000T\000o\000p\000o\000l\000o\000g\000y\000-\000A\000w\000a\000r\000e\000\040\000G\000r\000o\000u\000p\000i\000n\000g}{section.3.1}% 13
\BOOKMARK [2][-]{subsection.3.1.2}{\376\377\000W\000h\000i\000s\000k\000e\000r\000\040\000D\000e\000t\000e\000c\000t\000i\000o\000n\000\040\000F\000a\000l\000l\000b\000a\000c\000k\000\040\000C\000h\000a\000i\000n}{section.3.1}% 14
\BOOKMARK [1][-]{section.3.2}{\376\377\000B\000a\000r\000\040\000C\000h\000a\000r\000t\000s\000:\000\040\000L\000a\000y\000o\000u\000t\000\040\000A\000n\000a\000l\000y\000s\000i\000s}{chapter.3}% 15
\BOOKMARK [1][-]{section.3.3}{\376\377\000S\000c\000a\000t\000t\000e\000r\000\040\000P\000l\000o\000t\000s\000:\000\040\000D\000i\000r\000e\000c\000t\000\040\000C\000a\000l\000i\000b\000r\000a\000t\000i\000o\000n}{chapter.3}% 16
\BOOKMARK [1][-]{section.3.4}{\376\377\000L\000i\000n\000e\000\040\000C\000h\000a\000r\000t\000s\000:\000\040\000G\000e\000o\000m\000e\000t\000r\000i\000c\000\040\000A\000s\000s\000o\000c\000i\000a\000t\000i\000o\000n}{chapter.3}% 17
\BOOKMARK [1][-]{section.3.5}{\376\377\000H\000i\000s\000t\000o\000g\000r\000a\000m\000s\000:\000\040\000C\000o\000n\000t\000i\000n\000u\000o\000u\000s\000\040\000A\000x\000i\000s}{chapter.3}% 18
\BOOKMARK [0][-]{chapter.4}{\376\377\000N\000o\000n\000-\000C\000a\000r\000t\000e\000s\000i\000a\000n\000\040\000S\000y\000s\000t\000e\000m\000s}{}% 19
\BOOKMARK [1][-]{section.4.1}{\376\377\000G\000r\000i\000d\000\040\000S\000y\000s\000t\000e\000m\000s\000:\000\040\000H\000e\000a\000t\000m\000a\000p\000s}{chapter.4}% 20
\BOOKMARK [1][-]{section.4.2}{\376\377\000P\000o\000l\000a\000r\000\040\000S\000y\000s\000t\000e\000m\000s\000:\000\040\000P\000i\000e\000\040\000C\000h\000a\000r\000t\000s}{chapter.4}% 21
\BOOKMARK [0][-]{chapter.5}{\376\377\000R\000e\000l\000i\000a\000b\000i\000l\000i\000t\000y\000\040\000\046\000\040\000V\000a\000l\000i\000d\000a\000t\000i\000o\000n}{}% 22
\BOOKMARK [1][-]{section.5.1}{\376\377\000D\000e\000f\000e\000n\000s\000i\000v\000e\000\040\000P\000r\000o\000g\000r\000a\000m\000m\000i\000n\000g\000\040\000P\000a\000t\000t\000e\000r\000n\000s}{chapter.5}% 23
\BOOKMARK [1][-]{section.5.2}{\376\377\000E\000m\000p\000i\000r\000i\000c\000a\000l\000\040\000P\000e\000r\000f\000o\000r\000m\000a\000n\000c\000e}{chapter.5}% 24
